16-12-13 13:05: Usage of $ICON_TYPES is deprecated since 4.4.
The extTables.php entry $ICON_TYPES['news'] = '../typo3conf/ext/tt_news/res/gfx/ext_icon_ttnews_folder.gif'; should be replaced with
t3lib_SpriteManager::addTcaTypeIcon('pages', 'contains-news', '../typo3conf/ext/tt_news/res/gfx/ext_icon_ttnews_folder.gif');
instead.
16-12-13 13:05: Usage of $ICON_TYPES is deprecated since 4.4.
The extTables.php entry $ICON_TYPES['news'] = '../typo3conf/ext/tt_news/res/gfx/ext_icon_ttnews_folder.gif'; should be replaced with
t3lib_SpriteManager::addTcaTypeIcon('pages', 'contains-news', '../typo3conf/ext/tt_news/res/gfx/ext_icon_ttnews_folder.gif');
instead.
16-12-13 13:05: Usage of $ICON_TYPES is deprecated since 4.4.
The extTables.php entry $ICON_TYPES['news'] = '../typo3conf/ext/tt_news/res/gfx/ext_icon_ttnews_folder.gif'; should be replaced with
t3lib_SpriteManager::addTcaTypeIcon('pages', 'contains-news', '../typo3conf/ext/tt_news/res/gfx/ext_icon_ttnews_folder.gif');
instead.
16-12-13 13:05: Usage of $ICON_TYPES is deprecated since 4.4.
The extTables.php entry $ICON_TYPES['news'] = '../typo3conf/ext/tt_news/res/gfx/ext_icon_ttnews_folder.gif'; should be replaced with
t3lib_SpriteManager::addTcaTypeIcon('pages', 'contains-news', '../typo3conf/ext/tt_news/res/gfx/ext_icon_ttnews_folder.gif');
instead.
16-12-13 13:05: Usage of $ICON_TYPES is deprecated since 4.4.
The extTables.php entry $ICON_TYPES['news'] = '../typo3conf/ext/tt_news/res/gfx/ext_icon_ttnews_folder.gif'; should be replaced with
t3lib_SpriteManager::addTcaTypeIcon('pages', 'contains-news', '../typo3conf/ext/tt_news/res/gfx/ext_icon_ttnews_folder.gif');
instead.
16-12-13 13:05: Usage of $ICON_TYPES is deprecated since 4.4.
The extTables.php entry $ICON_TYPES['news'] = '../typo3conf/ext/tt_news/res/gfx/ext_icon_ttnews_folder.gif'; should be replaced with
t3lib_SpriteManager::addTcaTypeIcon('pages', 'contains-news', '../typo3conf/ext/tt_news/res/gfx/ext_icon_ttnews_folder.gif');
instead.
16-12-13 13:05: Usage of $ICON_TYPES is deprecated since 4.4.
The extTables.php entry $ICON_TYPES['news'] = '../typo3conf/ext/tt_news/res/gfx/ext_icon_ttnews_folder.gif'; should be replaced with
t3lib_SpriteManager::addTcaTypeIcon('pages', 'contains-news', '../typo3conf/ext/tt_news/res/gfx/ext_icon_ttnews_folder.gif');
instead.
16-12-13 13:05: Usage of $ICON_TYPES is deprecated since 4.4.
The extTables.php entry $ICON_TYPES['news'] = '../typo3conf/ext/tt_news/res/gfx/ext_icon_ttnews_folder.gif'; should be replaced with
t3lib_SpriteManager::addTcaTypeIcon('pages', 'contains-news', '../typo3conf/ext/tt_news/res/gfx/ext_icon_ttnews_folder.gif');
instead.
16-12-13 13:05: Usage of $ICON_TYPES is deprecated since 4.4.
The extTables.php entry $ICON_TYPES['news'] = '../typo3conf/ext/tt_news/res/gfx/ext_icon_ttnews_folder.gif'; should be replaced with
t3lib_SpriteManager::addTcaTypeIcon('pages', 'contains-news', '../typo3conf/ext/tt_news/res/gfx/ext_icon_ttnews_folder.gif');
instead.
16-12-13 13:05: Usage of $ICON_TYPES is deprecated since 4.4.
The extTables.php entry $ICON_TYPES['news'] = '../typo3conf/ext/tt_news/res/gfx/ext_icon_ttnews_folder.gif'; should be replaced with
t3lib_SpriteManager::addTcaTypeIcon('pages', 'contains-news', '../typo3conf/ext/tt_news/res/gfx/ext_icon_ttnews_folder.gif');
instead.
16-12-13 13:05: Usage of $ICON_TYPES is deprecated since 4.4.
The extTables.php entry $ICON_TYPES['news'] = '../typo3conf/ext/tt_news/res/gfx/ext_icon_ttnews_folder.gif'; should be replaced with
t3lib_SpriteManager::addTcaTypeIcon('pages', 'contains-news', '../typo3conf/ext/tt_news/res/gfx/ext_icon_ttnews_folder.gif');
instead.
16-12-13 13:05: Usage of $ICON_TYPES is deprecated since 4.4.
The extTables.php entry $ICON_TYPES['news'] = '../typo3conf/ext/tt_news/res/gfx/ext_icon_ttnews_folder.gif'; should be replaced with
t3lib_SpriteManager::addTcaTypeIcon('pages', 'contains-news', '../typo3conf/ext/tt_news/res/gfx/ext_icon_ttnews_folder.gif');
instead.
16-12-13 13:05: Usage of $ICON_TYPES is deprecated since 4.4.
The extTables.php entry $ICON_TYPES['news'] = '../typo3conf/ext/tt_news/res/gfx/ext_icon_ttnews_folder.gif'; should be replaced with
t3lib_SpriteManager::addTcaTypeIcon('pages', 'contains-news', '../typo3conf/ext/tt_news/res/gfx/ext_icon_ttnews_folder.gif');
instead.
16-12-13 13:05: Usage of $ICON_TYPES is deprecated since 4.4.
The extTables.php entry $ICON_TYPES['news'] = '../typo3conf/ext/tt_news/res/gfx/ext_icon_ttnews_folder.gif'; should be replaced with
t3lib_SpriteManager::addTcaTypeIcon('pages', 'contains-news', '../typo3conf/ext/tt_news/res/gfx/ext_icon_ttnews_folder.gif');
instead.
16-12-13 13:05: Usage of $ICON_TYPES is deprecated since 4.4.
The extTables.php entry $ICON_TYPES['news'] = '../typo3conf/ext/tt_news/res/gfx/ext_icon_ttnews_folder.gif'; should be replaced with
t3lib_SpriteManager::addTcaTypeIcon('pages', 'contains-news', '../typo3conf/ext/tt_news/res/gfx/ext_icon_ttnews_folder.gif');
instead.
16-12-13 13:06: Usage of $ICON_TYPES is deprecated since 4.4.
The extTables.php entry $ICON_TYPES['news'] = '../typo3conf/ext/tt_news/res/gfx/ext_icon_ttnews_folder.gif'; should be replaced with
t3lib_SpriteManager::addTcaTypeIcon('pages', 'contains-news', '../typo3conf/ext/tt_news/res/gfx/ext_icon_ttnews_folder.gif');
instead.
16-12-13 13:06: Usage of $ICON_TYPES is deprecated since 4.4.
The extTables.php entry $ICON_TYPES['news'] = '../typo3conf/ext/tt_news/res/gfx/ext_icon_ttnews_folder.gif'; should be replaced with
t3lib_SpriteManager::addTcaTypeIcon('pages', 'contains-news', '../typo3conf/ext/tt_news/res/gfx/ext_icon_ttnews_folder.gif');
instead.
16-12-13 13:06: Usage of $ICON_TYPES is deprecated since 4.4.
The extTables.php entry $ICON_TYPES['news'] = '../typo3conf/ext/tt_news/res/gfx/ext_icon_ttnews_folder.gif'; should be replaced with
t3lib_SpriteManager::addTcaTypeIcon('pages', 'contains-news', '../typo3conf/ext/tt_news/res/gfx/ext_icon_ttnews_folder.gif');
instead.
16-12-13 13:07: Usage of $ICON_TYPES is deprecated since 4.4.
The extTables.php entry $ICON_TYPES['news'] = '../typo3conf/ext/tt_news/res/gfx/ext_icon_ttnews_folder.gif'; should be replaced with
t3lib_SpriteManager::addTcaTypeIcon('pages', 'contains-news', '../typo3conf/ext/tt_news/res/gfx/ext_icon_ttnews_folder.gif');
instead.
16-12-13 13:07: Usage of $ICON_TYPES is deprecated since 4.4.
The extTables.php entry $ICON_TYPES['news'] = '../typo3conf/ext/tt_news/res/gfx/ext_icon_ttnews_folder.gif'; should be replaced with
t3lib_SpriteManager::addTcaTypeIcon('pages', 'contains-news', '../typo3conf/ext/tt_news/res/gfx/ext_icon_ttnews_folder.gif');
instead.
16-12-13 13:08: Usage of $ICON_TYPES is deprecated since 4.4.
The extTables.php entry $ICON_TYPES['news'] = '../typo3conf/ext/tt_news/res/gfx/ext_icon_ttnews_folder.gif'; should be replaced with
t3lib_SpriteManager::addTcaTypeIcon('pages', 'contains-news', '../typo3conf/ext/tt_news/res/gfx/ext_icon_ttnews_folder.gif');
instead.
16-12-13 13:08: Usage of $ICON_TYPES is deprecated since 4.4.
The extTables.php entry $ICON_TYPES['news'] = '../typo3conf/ext/tt_news/res/gfx/ext_icon_ttnews_folder.gif'; should be replaced with
t3lib_SpriteManager::addTcaTypeIcon('pages', 'contains-news', '../typo3conf/ext/tt_news/res/gfx/ext_icon_ttnews_folder.gif');
instead.
16-12-13 13:08: Usage of $ICON_TYPES is deprecated since 4.4.
The extTables.php entry $ICON_TYPES['news'] = '../typo3conf/ext/tt_news/res/gfx/ext_icon_ttnews_folder.gif'; should be replaced with
t3lib_SpriteManager::addTcaTypeIcon('pages', 'contains-news', '../typo3conf/ext/tt_news/res/gfx/ext_icon_ttnews_folder.gif');
instead.
16-12-13 13:08: Usage of $ICON_TYPES is deprecated since 4.4.
The extTables.php entry $ICON_TYPES['news'] = '../typo3conf/ext/tt_news/res/gfx/ext_icon_ttnews_folder.gif'; should be replaced with
t3lib_SpriteManager::addTcaTypeIcon('pages', 'contains-news', '../typo3conf/ext/tt_news/res/gfx/ext_icon_ttnews_folder.gif');
instead.
16-12-13 13:08: Usage of $ICON_TYPES is deprecated since 4.4.
The extTables.php entry $ICON_TYPES['news'] = '../typo3conf/ext/tt_news/res/gfx/ext_icon_ttnews_folder.gif'; should be replaced with
t3lib_SpriteManager::addTcaTypeIcon('pages', 'contains-news', '../typo3conf/ext/tt_news/res/gfx/ext_icon_ttnews_folder.gif');
instead.
16-12-13 13:08: Usage of $ICON_TYPES is deprecated since 4.4.
The extTables.php entry $ICON_TYPES['news'] = '../typo3conf/ext/tt_news/res/gfx/ext_icon_ttnews_folder.gif'; should be replaced with
t3lib_SpriteManager::addTcaTypeIcon('pages', 'contains-news', '../typo3conf/ext/tt_news/res/gfx/ext_icon_ttnews_folder.gif');
instead.
16-12-13 13:08: Usage of $ICON_TYPES is deprecated since 4.4.
The extTables.php entry $ICON_TYPES['news'] = '../typo3conf/ext/tt_news/res/gfx/ext_icon_ttnews_folder.gif'; should be replaced with
t3lib_SpriteManager::addTcaTypeIcon('pages', 'contains-news', '../typo3conf/ext/tt_news/res/gfx/ext_icon_ttnews_folder.gif');
instead.
16-12-13 13:08: Usage of $ICON_TYPES is deprecated since 4.4.
The extTables.php entry $ICON_TYPES['news'] = '../typo3conf/ext/tt_news/res/gfx/ext_icon_ttnews_folder.gif'; should be replaced with
t3lib_SpriteManager::addTcaTypeIcon('pages', 'contains-news', '../typo3conf/ext/tt_news/res/gfx/ext_icon_ttnews_folder.gif');
instead.
16-12-13 13:08: Usage of $ICON_TYPES is deprecated since 4.4.
The extTables.php entry $ICON_TYPES['news'] = '../typo3conf/ext/tt_news/res/gfx/ext_icon_ttnews_folder.gif'; should be replaced with
t3lib_SpriteManager::addTcaTypeIcon('pages', 'contains-news', '../typo3conf/ext/tt_news/res/gfx/ext_icon_ttnews_folder.gif');
instead.
16-12-13 13:08: Usage of $ICON_TYPES is deprecated since 4.4.
The extTables.php entry $ICON_TYPES['news'] = '../typo3conf/ext/tt_news/res/gfx/ext_icon_ttnews_folder.gif'; should be replaced with
t3lib_SpriteManager::addTcaTypeIcon('pages', 'contains-news', '../typo3conf/ext/tt_news/res/gfx/ext_icon_ttnews_folder.gif');
instead.
16-12-13 13:09: Usage of $ICON_TYPES is deprecated since 4.4.
The extTables.php entry $ICON_TYPES['news'] = '../typo3conf/ext/tt_news/res/gfx/ext_icon_ttnews_folder.gif'; should be replaced with
t3lib_SpriteManager::addTcaTypeIcon('pages', 'contains-news', '../typo3conf/ext/tt_news/res/gfx/ext_icon_ttnews_folder.gif');
instead.
16-12-13 13:10: Usage of $ICON_TYPES is deprecated since 4.4.
The extTables.php entry $ICON_TYPES['news'] = '../typo3conf/ext/tt_news/res/gfx/ext_icon_ttnews_folder.gif'; should be replaced with
t3lib_SpriteManager::addTcaTypeIcon('pages', 'contains-news', '../typo3conf/ext/tt_news/res/gfx/ext_icon_ttnews_folder.gif');
instead.
16-12-13 13:11: Usage of $ICON_TYPES is deprecated since 4.4.
The extTables.php entry $ICON_TYPES['news'] = '../typo3conf/ext/tt_news/res/gfx/ext_icon_ttnews_folder.gif'; should be replaced with
t3lib_SpriteManager::addTcaTypeIcon('pages', 'contains-news', '../typo3conf/ext/tt_news/res/gfx/ext_icon_ttnews_folder.gif');
instead.
16-12-13 13:12: Usage of $ICON_TYPES is deprecated since 4.4.
The extTables.php entry $ICON_TYPES['news'] = '../typo3conf/ext/tt_news/res/gfx/ext_icon_ttnews_folder.gif'; should be replaced with
t3lib_SpriteManager::addTcaTypeIcon('pages', 'contains-news', '../typo3conf/ext/tt_news/res/gfx/ext_icon_ttnews_folder.gif');
instead.
16-12-13 13:13: Usage of $ICON_TYPES is deprecated since 4.4.
The extTables.php entry $ICON_TYPES['news'] = '../typo3conf/ext/tt_news/res/gfx/ext_icon_ttnews_folder.gif'; should be replaced with
t3lib_SpriteManager::addTcaTypeIcon('pages', 'contains-news', '../typo3conf/ext/tt_news/res/gfx/ext_icon_ttnews_folder.gif');
instead.
16-12-13 13:14: Usage of $ICON_TYPES is deprecated since 4.4.
The extTables.php entry $ICON_TYPES['news'] = '../typo3conf/ext/tt_news/res/gfx/ext_icon_ttnews_folder.gif'; should be replaced with
t3lib_SpriteManager::addTcaTypeIcon('pages', 'contains-news', '../typo3conf/ext/tt_news/res/gfx/ext_icon_ttnews_folder.gif');
instead.
16-12-13 13:15: Usage of $ICON_TYPES is deprecated since 4.4.
The extTables.php entry $ICON_TYPES['news'] = '../typo3conf/ext/tt_news/res/gfx/ext_icon_ttnews_folder.gif'; should be replaced with
t3lib_SpriteManager::addTcaTypeIcon('pages', 'contains-news', '../typo3conf/ext/tt_news/res/gfx/ext_icon_ttnews_folder.gif');
instead.
16-12-13 13:16: Usage of $ICON_TYPES is deprecated since 4.4.
The extTables.php entry $ICON_TYPES['news'] = '../typo3conf/ext/tt_news/res/gfx/ext_icon_ttnews_folder.gif'; should be replaced with
t3lib_SpriteManager::addTcaTypeIcon('pages', 'contains-news', '../typo3conf/ext/tt_news/res/gfx/ext_icon_ttnews_folder.gif');
instead.
16-12-13 13:17: Usage of $ICON_TYPES is deprecated since 4.4.
The extTables.php entry $ICON_TYPES['news'] = '../typo3conf/ext/tt_news/res/gfx/ext_icon_ttnews_folder.gif'; should be replaced with
t3lib_SpriteManager::addTcaTypeIcon('pages', 'contains-news', '../typo3conf/ext/tt_news/res/gfx/ext_icon_ttnews_folder.gif');
instead.
16-12-13 13:18: Usage of $ICON_TYPES is deprecated since 4.4.
The extTables.php entry $ICON_TYPES['news'] = '../typo3conf/ext/tt_news/res/gfx/ext_icon_ttnews_folder.gif'; should be replaced with
t3lib_SpriteManager::addTcaTypeIcon('pages', 'contains-news', '../typo3conf/ext/tt_news/res/gfx/ext_icon_ttnews_folder.gif');
instead.
16-12-13 15:51: Usage of $ICON_TYPES is deprecated since 4.4.
The extTables.php entry $ICON_TYPES['news'] = '../typo3conf/ext/tt_news/res/gfx/ext_icon_ttnews_folder.gif'; should be replaced with
t3lib_SpriteManager::addTcaTypeIcon('pages', 'contains-news', '../typo3conf/ext/tt_news/res/gfx/ext_icon_ttnews_folder.gif');
instead.
16-12-13 15:52: Usage of $ICON_TYPES is deprecated since 4.4.
The extTables.php entry $ICON_TYPES['news'] = '../typo3conf/ext/tt_news/res/gfx/ext_icon_ttnews_folder.gif'; should be replaced with
t3lib_SpriteManager::addTcaTypeIcon('pages', 'contains-news', '../typo3conf/ext/tt_news/res/gfx/ext_icon_ttnews_folder.gif');
instead.
16-12-13 15:52: Usage of $ICON_TYPES is deprecated since 4.4.
The extTables.php entry $ICON_TYPES['news'] = '../typo3conf/ext/tt_news/res/gfx/ext_icon_ttnews_folder.gif'; should be replaced with
t3lib_SpriteManager::addTcaTypeIcon('pages', 'contains-news', '../typo3conf/ext/tt_news/res/gfx/ext_icon_ttnews_folder.gif');
instead.
16-12-13 15:52: Usage of $ICON_TYPES is deprecated since 4.4.
The extTables.php entry $ICON_TYPES['news'] = '../typo3conf/ext/tt_news/res/gfx/ext_icon_ttnews_folder.gif'; should be replaced with
t3lib_SpriteManager::addTcaTypeIcon('pages', 'contains-news', '../typo3conf/ext/tt_news/res/gfx/ext_icon_ttnews_folder.gif');
instead.
16-12-13 15:52: Usage of $ICON_TYPES is deprecated since 4.4.
The extTables.php entry $ICON_TYPES['news'] = '../typo3conf/ext/tt_news/res/gfx/ext_icon_ttnews_folder.gif'; should be replaced with
t3lib_SpriteManager::addTcaTypeIcon('pages', 'contains-news', '../typo3conf/ext/tt_news/res/gfx/ext_icon_ttnews_folder.gif');
instead.
16-12-13 15:52: Usage of $ICON_TYPES is deprecated since 4.4.
The extTables.php entry $ICON_TYPES['news'] = '../typo3conf/ext/tt_news/res/gfx/ext_icon_ttnews_folder.gif'; should be replaced with
t3lib_SpriteManager::addTcaTypeIcon('pages', 'contains-news', '../typo3conf/ext/tt_news/res/gfx/ext_icon_ttnews_folder.gif');
instead.
16-12-13 15:52: Usage of $ICON_TYPES is deprecated since 4.4.
The extTables.php entry $ICON_TYPES['news'] = '../typo3conf/ext/tt_news/res/gfx/ext_icon_ttnews_folder.gif'; should be replaced with
t3lib_SpriteManager::addTcaTypeIcon('pages', 'contains-news', '../typo3conf/ext/tt_news/res/gfx/ext_icon_ttnews_folder.gif');
instead.
16-12-13 15:52: Usage of $ICON_TYPES is deprecated since 4.4.
The extTables.php entry $ICON_TYPES['news'] = '../typo3conf/ext/tt_news/res/gfx/ext_icon_ttnews_folder.gif'; should be replaced with
t3lib_SpriteManager::addTcaTypeIcon('pages', 'contains-news', '../typo3conf/ext/tt_news/res/gfx/ext_icon_ttnews_folder.gif');
instead.
16-12-13 15:52: Usage of $ICON_TYPES is deprecated since 4.4.
The extTables.php entry $ICON_TYPES['news'] = '../typo3conf/ext/tt_news/res/gfx/ext_icon_ttnews_folder.gif'; should be replaced with
t3lib_SpriteManager::addTcaTypeIcon('pages', 'contains-news', '../typo3conf/ext/tt_news/res/gfx/ext_icon_ttnews_folder.gif');
instead.
16-12-13 15:52: Usage of $ICON_TYPES is deprecated since 4.4.
The extTables.php entry $ICON_TYPES['news'] = '../typo3conf/ext/tt_news/res/gfx/ext_icon_ttnews_folder.gif'; should be replaced with
t3lib_SpriteManager::addTcaTypeIcon('pages', 'contains-news', '../typo3conf/ext/tt_news/res/gfx/ext_icon_ttnews_folder.gif');
instead.
09-01-14 08:53: Usage of $ICON_TYPES is deprecated since 4.4.
The extTables.php entry $ICON_TYPES['news'] = '../typo3conf/ext/tt_news/res/gfx/ext_icon_ttnews_folder.gif'; should be replaced with
t3lib_SpriteManager::addTcaTypeIcon('pages', 'contains-news', '../typo3conf/ext/tt_news/res/gfx/ext_icon_ttnews_folder.gif');
instead.
09-01-14 11:22: Usage of $ICON_TYPES is deprecated since 4.4.
The extTables.php entry $ICON_TYPES['news'] = '../typo3conf/ext/tt_news/res/gfx/ext_icon_ttnews_folder.gif'; should be replaced with
t3lib_SpriteManager::addTcaTypeIcon('pages', 'contains-news', '../typo3conf/ext/tt_news/res/gfx/ext_icon_ttnews_folder.gif');
instead.
09-01-14 11:22: Usage of $ICON_TYPES is deprecated since 4.4.
The extTables.php entry $ICON_TYPES['news'] = '../typo3conf/ext/tt_news/res/gfx/ext_icon_ttnews_folder.gif'; should be replaced with
t3lib_SpriteManager::addTcaTypeIcon('pages', 'contains-news', '../typo3conf/ext/tt_news/res/gfx/ext_icon_ttnews_folder.gif');
instead.
09-01-14 11:22: Usage of $ICON_TYPES is deprecated since 4.4.
The extTables.php entry $ICON_TYPES['news'] = '../typo3conf/ext/tt_news/res/gfx/ext_icon_ttnews_folder.gif'; should be replaced with
t3lib_SpriteManager::addTcaTypeIcon('pages', 'contains-news', '../typo3conf/ext/tt_news/res/gfx/ext_icon_ttnews_folder.gif');
instead.
09-01-14 11:22: Usage of $ICON_TYPES is deprecated since 4.4.
The extTables.php entry $ICON_TYPES['news'] = '../typo3conf/ext/tt_news/res/gfx/ext_icon_ttnews_folder.gif'; should be replaced with
t3lib_SpriteManager::addTcaTypeIcon('pages', 'contains-news', '../typo3conf/ext/tt_news/res/gfx/ext_icon_ttnews_folder.gif');
instead.
09-01-14 11:23: Usage of $ICON_TYPES is deprecated since 4.4.
The extTables.php entry $ICON_TYPES['news'] = '../typo3conf/ext/tt_news/res/gfx/ext_icon_ttnews_folder.gif'; should be replaced with
t3lib_SpriteManager::addTcaTypeIcon('pages', 'contains-news', '../typo3conf/ext/tt_news/res/gfx/ext_icon_ttnews_folder.gif');
instead.
09-01-14 11:23: Usage of $ICON_TYPES is deprecated since 4.4.
The extTables.php entry $ICON_TYPES['news'] = '../typo3conf/ext/tt_news/res/gfx/ext_icon_ttnews_folder.gif'; should be replaced with
t3lib_SpriteManager::addTcaTypeIcon('pages', 'contains-news', '../typo3conf/ext/tt_news/res/gfx/ext_icon_ttnews_folder.gif');
instead.
09-01-14 11:23: Usage of $ICON_TYPES is deprecated since 4.4.
The extTables.php entry $ICON_TYPES['news'] = '../typo3conf/ext/tt_news/res/gfx/ext_icon_ttnews_folder.gif'; should be replaced with
t3lib_SpriteManager::addTcaTypeIcon('pages', 'contains-news', '../typo3conf/ext/tt_news/res/gfx/ext_icon_ttnews_folder.gif');
instead.
09-01-14 11:23: Usage of $ICON_TYPES is deprecated since 4.4.
The extTables.php entry $ICON_TYPES['news'] = '../typo3conf/ext/tt_news/res/gfx/ext_icon_ttnews_folder.gif'; should be replaced with
t3lib_SpriteManager::addTcaTypeIcon('pages', 'contains-news', '../typo3conf/ext/tt_news/res/gfx/ext_icon_ttnews_folder.gif');
instead.
09-01-14 11:24: Usage of $ICON_TYPES is deprecated since 4.4.
The extTables.php entry $ICON_TYPES['news'] = '../typo3conf/ext/tt_news/res/gfx/ext_icon_ttnews_folder.gif'; should be replaced with
t3lib_SpriteManager::addTcaTypeIcon('pages', 'contains-news', '../typo3conf/ext/tt_news/res/gfx/ext_icon_ttnews_folder.gif');
instead.
09-01-14 11:25: Usage of $ICON_TYPES is deprecated since 4.4.
The extTables.php entry $ICON_TYPES['news'] = '../typo3conf/ext/tt_news/res/gfx/ext_icon_ttnews_folder.gif'; should be replaced with
t3lib_SpriteManager::addTcaTypeIcon('pages', 'contains-news', '../typo3conf/ext/tt_news/res/gfx/ext_icon_ttnews_folder.gif');
instead.
09-01-14 11:26: Usage of $ICON_TYPES is deprecated since 4.4.
The extTables.php entry $ICON_TYPES['news'] = '../typo3conf/ext/tt_news/res/gfx/ext_icon_ttnews_folder.gif'; should be replaced with
t3lib_SpriteManager::addTcaTypeIcon('pages', 'contains-news', '../typo3conf/ext/tt_news/res/gfx/ext_icon_ttnews_folder.gif');
instead.
09-01-14 11:27: Usage of $ICON_TYPES is deprecated since 4.4.
The extTables.php entry $ICON_TYPES['news'] = '../typo3conf/ext/tt_news/res/gfx/ext_icon_ttnews_folder.gif'; should be replaced with
t3lib_SpriteManager::addTcaTypeIcon('pages', 'contains-news', '../typo3conf/ext/tt_news/res/gfx/ext_icon_ttnews_folder.gif');
instead.
09-01-14 11:30: Usage of $ICON_TYPES is deprecated since 4.4.
The extTables.php entry $ICON_TYPES['news'] = '../typo3conf/ext/tt_news/res/gfx/ext_icon_ttnews_folder.gif'; should be replaced with
t3lib_SpriteManager::addTcaTypeIcon('pages', 'contains-news', '../typo3conf/ext/tt_news/res/gfx/ext_icon_ttnews_folder.gif');
instead.
09-01-14 11:30: Usage of $ICON_TYPES is deprecated since 4.4.
The extTables.php entry $ICON_TYPES['news'] = '../typo3conf/ext/tt_news/res/gfx/ext_icon_ttnews_folder.gif'; should be replaced with
t3lib_SpriteManager::addTcaTypeIcon('pages', 'contains-news', '../typo3conf/ext/tt_news/res/gfx/ext_icon_ttnews_folder.gif');
instead.
09-01-14 11:31: Usage of $ICON_TYPES is deprecated since 4.4.
The extTables.php entry $ICON_TYPES['news'] = '../typo3conf/ext/tt_news/res/gfx/ext_icon_ttnews_folder.gif'; should be replaced with
t3lib_SpriteManager::addTcaTypeIcon('pages', 'contains-news', '../typo3conf/ext/tt_news/res/gfx/ext_icon_ttnews_folder.gif');
instead.
09-01-14 11:32: Usage of $ICON_TYPES is deprecated since 4.4.
The extTables.php entry $ICON_TYPES['news'] = '../typo3conf/ext/tt_news/res/gfx/ext_icon_ttnews_folder.gif'; should be replaced with
t3lib_SpriteManager::addTcaTypeIcon('pages', 'contains-news', '../typo3conf/ext/tt_news/res/gfx/ext_icon_ttnews_folder.gif');
instead.
09-01-14 11:48: Usage of $ICON_TYPES is deprecated since 4.4.
The extTables.php entry $ICON_TYPES['news'] = '../typo3conf/ext/tt_news/res/gfx/ext_icon_ttnews_folder.gif'; should be replaced with
t3lib_SpriteManager::addTcaTypeIcon('pages', 'contains-news', '../typo3conf/ext/tt_news/res/gfx/ext_icon_ttnews_folder.gif');
instead.
09-01-14 11:48: Usage of $ICON_TYPES is deprecated since 4.4.
The extTables.php entry $ICON_TYPES['news'] = '../typo3conf/ext/tt_news/res/gfx/ext_icon_ttnews_folder.gif'; should be replaced with
t3lib_SpriteManager::addTcaTypeIcon('pages', 'contains-news', '../typo3conf/ext/tt_news/res/gfx/ext_icon_ttnews_folder.gif');
instead.
09-01-14 11:48: Usage of $ICON_TYPES is deprecated since 4.4.
The extTables.php entry $ICON_TYPES['news'] = '../typo3conf/ext/tt_news/res/gfx/ext_icon_ttnews_folder.gif'; should be replaced with
t3lib_SpriteManager::addTcaTypeIcon('pages', 'contains-news', '../typo3conf/ext/tt_news/res/gfx/ext_icon_ttnews_folder.gif');
instead.
09-01-14 11:48: Usage of $ICON_TYPES is deprecated since 4.4.
The extTables.php entry $ICON_TYPES['news'] = '../typo3conf/ext/tt_news/res/gfx/ext_icon_ttnews_folder.gif'; should be replaced with
t3lib_SpriteManager::addTcaTypeIcon('pages', 'contains-news', '../typo3conf/ext/tt_news/res/gfx/ext_icon_ttnews_folder.gif');
instead.
09-01-14 11:48: Usage of $ICON_TYPES is deprecated since 4.4.
The extTables.php entry $ICON_TYPES['news'] = '../typo3conf/ext/tt_news/res/gfx/ext_icon_ttnews_folder.gif'; should be replaced with
t3lib_SpriteManager::addTcaTypeIcon('pages', 'contains-news', '../typo3conf/ext/tt_news/res/gfx/ext_icon_ttnews_folder.gif');
instead.
09-01-14 11:48: Usage of $ICON_TYPES is deprecated since 4.4.
The extTables.php entry $ICON_TYPES['news'] = '../typo3conf/ext/tt_news/res/gfx/ext_icon_ttnews_folder.gif'; should be replaced with
t3lib_SpriteManager::addTcaTypeIcon('pages', 'contains-news', '../typo3conf/ext/tt_news/res/gfx/ext_icon_ttnews_folder.gif');
instead.
09-01-14 11:49: Usage of $ICON_TYPES is deprecated since 4.4.
The extTables.php entry $ICON_TYPES['news'] = '../typo3conf/ext/tt_news/res/gfx/ext_icon_ttnews_folder.gif'; should be replaced with
t3lib_SpriteManager::addTcaTypeIcon('pages', 'contains-news', '../typo3conf/ext/tt_news/res/gfx/ext_icon_ttnews_folder.gif');
instead.
09-01-14 11:50: Usage of $ICON_TYPES is deprecated since 4.4.
The extTables.php entry $ICON_TYPES['news'] = '../typo3conf/ext/tt_news/res/gfx/ext_icon_ttnews_folder.gif'; should be replaced with
t3lib_SpriteManager::addTcaTypeIcon('pages', 'contains-news', '../typo3conf/ext/tt_news/res/gfx/ext_icon_ttnews_folder.gif');
instead.
09-01-14 11:51: Usage of $ICON_TYPES is deprecated since 4.4.
The extTables.php entry $ICON_TYPES['news'] = '../typo3conf/ext/tt_news/res/gfx/ext_icon_ttnews_folder.gif'; should be replaced with
t3lib_SpriteManager::addTcaTypeIcon('pages', 'contains-news', '../typo3conf/ext/tt_news/res/gfx/ext_icon_ttnews_folder.gif');
instead.
09-01-14 11:52: Usage of $ICON_TYPES is deprecated since 4.4.
The extTables.php entry $ICON_TYPES['news'] = '../typo3conf/ext/tt_news/res/gfx/ext_icon_ttnews_folder.gif'; should be replaced with
t3lib_SpriteManager::addTcaTypeIcon('pages', 'contains-news', '../typo3conf/ext/tt_news/res/gfx/ext_icon_ttnews_folder.gif');
instead.
09-01-14 11:53: Usage of $ICON_TYPES is deprecated since 4.4.
The extTables.php entry $ICON_TYPES['news'] = '../typo3conf/ext/tt_news/res/gfx/ext_icon_ttnews_folder.gif'; should be replaced with
t3lib_SpriteManager::addTcaTypeIcon('pages', 'contains-news', '../typo3conf/ext/tt_news/res/gfx/ext_icon_ttnews_folder.gif');
instead.
09-01-14 11:54: Usage of $ICON_TYPES is deprecated since 4.4.
The extTables.php entry $ICON_TYPES['news'] = '../typo3conf/ext/tt_news/res/gfx/ext_icon_ttnews_folder.gif'; should be replaced with
t3lib_SpriteManager::addTcaTypeIcon('pages', 'contains-news', '../typo3conf/ext/tt_news/res/gfx/ext_icon_ttnews_folder.gif');
instead.
09-01-14 11:55: Usage of $ICON_TYPES is deprecated since 4.4.
The extTables.php entry $ICON_TYPES['news'] = '../typo3conf/ext/tt_news/res/gfx/ext_icon_ttnews_folder.gif'; should be replaced with
t3lib_SpriteManager::addTcaTypeIcon('pages', 'contains-news', '../typo3conf/ext/tt_news/res/gfx/ext_icon_ttnews_folder.gif');
instead.
09-01-14 11:56: Usage of $ICON_TYPES is deprecated since 4.4.
The extTables.php entry $ICON_TYPES['news'] = '../typo3conf/ext/tt_news/res/gfx/ext_icon_ttnews_folder.gif'; should be replaced with
t3lib_SpriteManager::addTcaTypeIcon('pages', 'contains-news', '../typo3conf/ext/tt_news/res/gfx/ext_icon_ttnews_folder.gif');
instead.
09-01-14 11:57: Usage of $ICON_TYPES is deprecated since 4.4.
The extTables.php entry $ICON_TYPES['news'] = '../typo3conf/ext/tt_news/res/gfx/ext_icon_ttnews_folder.gif'; should be replaced with
t3lib_SpriteManager::addTcaTypeIcon('pages', 'contains-news', '../typo3conf/ext/tt_news/res/gfx/ext_icon_ttnews_folder.gif');
instead.
09-01-14 11:58: Usage of $ICON_TYPES is deprecated since 4.4.
The extTables.php entry $ICON_TYPES['news'] = '../typo3conf/ext/tt_news/res/gfx/ext_icon_ttnews_folder.gif'; should be replaced with
t3lib_SpriteManager::addTcaTypeIcon('pages', 'contains-news', '../typo3conf/ext/tt_news/res/gfx/ext_icon_ttnews_folder.gif');
instead.
09-01-14 11:59: Usage of $ICON_TYPES is deprecated since 4.4.
The extTables.php entry $ICON_TYPES['news'] = '../typo3conf/ext/tt_news/res/gfx/ext_icon_ttnews_folder.gif'; should be replaced with
t3lib_SpriteManager::addTcaTypeIcon('pages', 'contains-news', '../typo3conf/ext/tt_news/res/gfx/ext_icon_ttnews_folder.gif');
instead.
09-01-14 12:00: Usage of $ICON_TYPES is deprecated since 4.4.
The extTables.php entry $ICON_TYPES['news'] = '../typo3conf/ext/tt_news/res/gfx/ext_icon_ttnews_folder.gif'; should be replaced with
t3lib_SpriteManager::addTcaTypeIcon('pages', 'contains-news', '../typo3conf/ext/tt_news/res/gfx/ext_icon_ttnews_folder.gif');
instead.
09-01-14 12:01: Usage of $ICON_TYPES is deprecated since 4.4.
The extTables.php entry $ICON_TYPES['news'] = '../typo3conf/ext/tt_news/res/gfx/ext_icon_ttnews_folder.gif'; should be replaced with
t3lib_SpriteManager::addTcaTypeIcon('pages', 'contains-news', '../typo3conf/ext/tt_news/res/gfx/ext_icon_ttnews_folder.gif');
instead.
09-01-14 12:02: Usage of $ICON_TYPES is deprecated since 4.4.
The extTables.php entry $ICON_TYPES['news'] = '../typo3conf/ext/tt_news/res/gfx/ext_icon_ttnews_folder.gif'; should be replaced with
t3lib_SpriteManager::addTcaTypeIcon('pages', 'contains-news', '../typo3conf/ext/tt_news/res/gfx/ext_icon_ttnews_folder.gif');
instead.
09-01-14 12:03: Usage of $ICON_TYPES is deprecated since 4.4.
The extTables.php entry $ICON_TYPES['news'] = '../typo3conf/ext/tt_news/res/gfx/ext_icon_ttnews_folder.gif'; should be replaced with
t3lib_SpriteManager::addTcaTypeIcon('pages', 'contains-news', '../typo3conf/ext/tt_news/res/gfx/ext_icon_ttnews_folder.gif');
instead.
09-01-14 12:04: Usage of $ICON_TYPES is deprecated since 4.4.
The extTables.php entry $ICON_TYPES['news'] = '../typo3conf/ext/tt_news/res/gfx/ext_icon_ttnews_folder.gif'; should be replaced with
t3lib_SpriteManager::addTcaTypeIcon('pages', 'contains-news', '../typo3conf/ext/tt_news/res/gfx/ext_icon_ttnews_folder.gif');
instead.
09-01-14 12:05: Usage of $ICON_TYPES is deprecated since 4.4.
The extTables.php entry $ICON_TYPES['news'] = '../typo3conf/ext/tt_news/res/gfx/ext_icon_ttnews_folder.gif'; should be replaced with
t3lib_SpriteManager::addTcaTypeIcon('pages', 'contains-news', '../typo3conf/ext/tt_news/res/gfx/ext_icon_ttnews_folder.gif');
instead.
09-01-14 12:06: Usage of $ICON_TYPES is deprecated since 4.4.
The extTables.php entry $ICON_TYPES['news'] = '../typo3conf/ext/tt_news/res/gfx/ext_icon_ttnews_folder.gif'; should be replaced with
t3lib_SpriteManager::addTcaTypeIcon('pages', 'contains-news', '../typo3conf/ext/tt_news/res/gfx/ext_icon_ttnews_folder.gif');
instead.
09-01-14 12:07: Usage of $ICON_TYPES is deprecated since 4.4.
The extTables.php entry $ICON_TYPES['news'] = '../typo3conf/ext/tt_news/res/gfx/ext_icon_ttnews_folder.gif'; should be replaced with
t3lib_SpriteManager::addTcaTypeIcon('pages', 'contains-news', '../typo3conf/ext/tt_news/res/gfx/ext_icon_ttnews_folder.gif');
instead.
09-01-14 12:08: Usage of $ICON_TYPES is deprecated since 4.4.
The extTables.php entry $ICON_TYPES['news'] = '../typo3conf/ext/tt_news/res/gfx/ext_icon_ttnews_folder.gif'; should be replaced with
t3lib_SpriteManager::addTcaTypeIcon('pages', 'contains-news', '../typo3conf/ext/tt_news/res/gfx/ext_icon_ttnews_folder.gif');
instead.
09-01-14 12:09: Usage of $ICON_TYPES is deprecated since 4.4.
The extTables.php entry $ICON_TYPES['news'] = '../typo3conf/ext/tt_news/res/gfx/ext_icon_ttnews_folder.gif'; should be replaced with
t3lib_SpriteManager::addTcaTypeIcon('pages', 'contains-news', '../typo3conf/ext/tt_news/res/gfx/ext_icon_ttnews_folder.gif');
instead.
09-01-14 12:10: Usage of $ICON_TYPES is deprecated since 4.4.
The extTables.php entry $ICON_TYPES['news'] = '../typo3conf/ext/tt_news/res/gfx/ext_icon_ttnews_folder.gif'; should be replaced with
t3lib_SpriteManager::addTcaTypeIcon('pages', 'contains-news', '../typo3conf/ext/tt_news/res/gfx/ext_icon_ttnews_folder.gif');
instead.
09-01-14 12:11: Usage of $ICON_TYPES is deprecated since 4.4.
The extTables.php entry $ICON_TYPES['news'] = '../typo3conf/ext/tt_news/res/gfx/ext_icon_ttnews_folder.gif'; should be replaced with
t3lib_SpriteManager::addTcaTypeIcon('pages', 'contains-news', '../typo3conf/ext/tt_news/res/gfx/ext_icon_ttnews_folder.gif');
instead.
09-01-14 12:12: Usage of $ICON_TYPES is deprecated since 4.4.
The extTables.php entry $ICON_TYPES['news'] = '../typo3conf/ext/tt_news/res/gfx/ext_icon_ttnews_folder.gif'; should be replaced with
t3lib_SpriteManager::addTcaTypeIcon('pages', 'contains-news', '../typo3conf/ext/tt_news/res/gfx/ext_icon_ttnews_folder.gif');
instead.
09-01-14 12:13: Usage of $ICON_TYPES is deprecated since 4.4.
The extTables.php entry $ICON_TYPES['news'] = '../typo3conf/ext/tt_news/res/gfx/ext_icon_ttnews_folder.gif'; should be replaced with
t3lib_SpriteManager::addTcaTypeIcon('pages', 'contains-news', '../typo3conf/ext/tt_news/res/gfx/ext_icon_ttnews_folder.gif');
instead.
09-01-14 12:14: Usage of $ICON_TYPES is deprecated since 4.4.
The extTables.php entry $ICON_TYPES['news'] = '../typo3conf/ext/tt_news/res/gfx/ext_icon_ttnews_folder.gif'; should be replaced with
t3lib_SpriteManager::addTcaTypeIcon('pages', 'contains-news', '../typo3conf/ext/tt_news/res/gfx/ext_icon_ttnews_folder.gif');
instead.
09-01-14 12:15: Usage of $ICON_TYPES is deprecated since 4.4.
The extTables.php entry $ICON_TYPES['news'] = '../typo3conf/ext/tt_news/res/gfx/ext_icon_ttnews_folder.gif'; should be replaced with
t3lib_SpriteManager::addTcaTypeIcon('pages', 'contains-news', '../typo3conf/ext/tt_news/res/gfx/ext_icon_ttnews_folder.gif');
instead.
09-01-14 12:16: Usage of $ICON_TYPES is deprecated since 4.4.
The extTables.php entry $ICON_TYPES['news'] = '../typo3conf/ext/tt_news/res/gfx/ext_icon_ttnews_folder.gif'; should be replaced with
t3lib_SpriteManager::addTcaTypeIcon('pages', 'contains-news', '../typo3conf/ext/tt_news/res/gfx/ext_icon_ttnews_folder.gif');
instead.
09-01-14 12:17: Usage of $ICON_TYPES is deprecated since 4.4.
The extTables.php entry $ICON_TYPES['news'] = '../typo3conf/ext/tt_news/res/gfx/ext_icon_ttnews_folder.gif'; should be replaced with
t3lib_SpriteManager::addTcaTypeIcon('pages', 'contains-news', '../typo3conf/ext/tt_news/res/gfx/ext_icon_ttnews_folder.gif');
instead.
09-01-14 12:18: Usage of $ICON_TYPES is deprecated since 4.4.
The extTables.php entry $ICON_TYPES['news'] = '../typo3conf/ext/tt_news/res/gfx/ext_icon_ttnews_folder.gif'; should be replaced with
t3lib_SpriteManager::addTcaTypeIcon('pages', 'contains-news', '../typo3conf/ext/tt_news/res/gfx/ext_icon_ttnews_folder.gif');
instead.
09-01-14 12:19: Usage of $ICON_TYPES is deprecated since 4.4.
The extTables.php entry $ICON_TYPES['news'] = '../typo3conf/ext/tt_news/res/gfx/ext_icon_ttnews_folder.gif'; should be replaced with
t3lib_SpriteManager::addTcaTypeIcon('pages', 'contains-news', '../typo3conf/ext/tt_news/res/gfx/ext_icon_ttnews_folder.gif');
instead.
09-01-14 12:20: Usage of $ICON_TYPES is deprecated since 4.4.
The extTables.php entry $ICON_TYPES['news'] = '../typo3conf/ext/tt_news/res/gfx/ext_icon_ttnews_folder.gif'; should be replaced with
t3lib_SpriteManager::addTcaTypeIcon('pages', 'contains-news', '../typo3conf/ext/tt_news/res/gfx/ext_icon_ttnews_folder.gif');
instead.
09-01-14 12:21: Usage of $ICON_TYPES is deprecated since 4.4.
The extTables.php entry $ICON_TYPES['news'] = '../typo3conf/ext/tt_news/res/gfx/ext_icon_ttnews_folder.gif'; should be replaced with
t3lib_SpriteManager::addTcaTypeIcon('pages', 'contains-news', '../typo3conf/ext/tt_news/res/gfx/ext_icon_ttnews_folder.gif');
instead.
09-01-14 12:22: Usage of $ICON_TYPES is deprecated since 4.4.
The extTables.php entry $ICON_TYPES['news'] = '../typo3conf/ext/tt_news/res/gfx/ext_icon_ttnews_folder.gif'; should be replaced with
t3lib_SpriteManager::addTcaTypeIcon('pages', 'contains-news', '../typo3conf/ext/tt_news/res/gfx/ext_icon_ttnews_folder.gif');
instead.
09-01-14 12:23: Usage of $ICON_TYPES is deprecated since 4.4.
The extTables.php entry $ICON_TYPES['news'] = '../typo3conf/ext/tt_news/res/gfx/ext_icon_ttnews_folder.gif'; should be replaced with
t3lib_SpriteManager::addTcaTypeIcon('pages', 'contains-news', '../typo3conf/ext/tt_news/res/gfx/ext_icon_ttnews_folder.gif');
instead.
09-01-14 12:24: Usage of $ICON_TYPES is deprecated since 4.4.
The extTables.php entry $ICON_TYPES['news'] = '../typo3conf/ext/tt_news/res/gfx/ext_icon_ttnews_folder.gif'; should be replaced with
t3lib_SpriteManager::addTcaTypeIcon('pages', 'contains-news', '../typo3conf/ext/tt_news/res/gfx/ext_icon_ttnews_folder.gif');
instead.
09-01-14 12:25: Usage of $ICON_TYPES is deprecated since 4.4.
The extTables.php entry $ICON_TYPES['news'] = '../typo3conf/ext/tt_news/res/gfx/ext_icon_ttnews_folder.gif'; should be replaced with
t3lib_SpriteManager::addTcaTypeIcon('pages', 'contains-news', '../typo3conf/ext/tt_news/res/gfx/ext_icon_ttnews_folder.gif');
instead.
09-01-14 12:26: Usage of $ICON_TYPES is deprecated since 4.4.
The extTables.php entry $ICON_TYPES['news'] = '../typo3conf/ext/tt_news/res/gfx/ext_icon_ttnews_folder.gif'; should be replaced with
t3lib_SpriteManager::addTcaTypeIcon('pages', 'contains-news', '../typo3conf/ext/tt_news/res/gfx/ext_icon_ttnews_folder.gif');
instead.
09-01-14 12:27: Usage of $ICON_TYPES is deprecated since 4.4.
The extTables.php entry $ICON_TYPES['news'] = '../typo3conf/ext/tt_news/res/gfx/ext_icon_ttnews_folder.gif'; should be replaced with
t3lib_SpriteManager::addTcaTypeIcon('pages', 'contains-news', '../typo3conf/ext/tt_news/res/gfx/ext_icon_ttnews_folder.gif');
instead.
09-01-14 12:28: Usage of $ICON_TYPES is deprecated since 4.4.
The extTables.php entry $ICON_TYPES['news'] = '../typo3conf/ext/tt_news/res/gfx/ext_icon_ttnews_folder.gif'; should be replaced with
t3lib_SpriteManager::addTcaTypeIcon('pages', 'contains-news', '../typo3conf/ext/tt_news/res/gfx/ext_icon_ttnews_folder.gif');
instead.
09-01-14 12:29: Usage of $ICON_TYPES is deprecated since 4.4.
The extTables.php entry $ICON_TYPES['news'] = '../typo3conf/ext/tt_news/res/gfx/ext_icon_ttnews_folder.gif'; should be replaced with
t3lib_SpriteManager::addTcaTypeIcon('pages', 'contains-news', '../typo3conf/ext/tt_news/res/gfx/ext_icon_ttnews_folder.gif');
instead.
09-01-14 12:30: Usage of $ICON_TYPES is deprecated since 4.4.
The extTables.php entry $ICON_TYPES['news'] = '../typo3conf/ext/tt_news/res/gfx/ext_icon_ttnews_folder.gif'; should be replaced with
t3lib_SpriteManager::addTcaTypeIcon('pages', 'contains-news', '../typo3conf/ext/tt_news/res/gfx/ext_icon_ttnews_folder.gif');
instead.
09-01-14 12:31: Usage of $ICON_TYPES is deprecated since 4.4.
The extTables.php entry $ICON_TYPES['news'] = '../typo3conf/ext/tt_news/res/gfx/ext_icon_ttnews_folder.gif'; should be replaced with
t3lib_SpriteManager::addTcaTypeIcon('pages', 'contains-news', '../typo3conf/ext/tt_news/res/gfx/ext_icon_ttnews_folder.gif');
instead.
09-01-14 12:32: Usage of $ICON_TYPES is deprecated since 4.4.
The extTables.php entry $ICON_TYPES['news'] = '../typo3conf/ext/tt_news/res/gfx/ext_icon_ttnews_folder.gif'; should be replaced with
t3lib_SpriteManager::addTcaTypeIcon('pages', 'contains-news', '../typo3conf/ext/tt_news/res/gfx/ext_icon_ttnews_folder.gif');
instead.
09-01-14 12:33: Usage of $ICON_TYPES is deprecated since 4.4.
The extTables.php entry $ICON_TYPES['news'] = '../typo3conf/ext/tt_news/res/gfx/ext_icon_ttnews_folder.gif'; should be replaced with
t3lib_SpriteManager::addTcaTypeIcon('pages', 'contains-news', '../typo3conf/ext/tt_news/res/gfx/ext_icon_ttnews_folder.gif');
instead.
09-01-14 12:34: Usage of $ICON_TYPES is deprecated since 4.4.
The extTables.php entry $ICON_TYPES['news'] = '../typo3conf/ext/tt_news/res/gfx/ext_icon_ttnews_folder.gif'; should be replaced with
t3lib_SpriteManager::addTcaTypeIcon('pages', 'contains-news', '../typo3conf/ext/tt_news/res/gfx/ext_icon_ttnews_folder.gif');
instead.
09-01-14 12:35: Usage of $ICON_TYPES is deprecated since 4.4.
The extTables.php entry $ICON_TYPES['news'] = '../typo3conf/ext/tt_news/res/gfx/ext_icon_ttnews_folder.gif'; should be replaced with
t3lib_SpriteManager::addTcaTypeIcon('pages', 'contains-news', '../typo3conf/ext/tt_news/res/gfx/ext_icon_ttnews_folder.gif');
instead.
09-01-14 12:36: Usage of $ICON_TYPES is deprecated since 4.4.
The extTables.php entry $ICON_TYPES['news'] = '../typo3conf/ext/tt_news/res/gfx/ext_icon_ttnews_folder.gif'; should be replaced with
t3lib_SpriteManager::addTcaTypeIcon('pages', 'contains-news', '../typo3conf/ext/tt_news/res/gfx/ext_icon_ttnews_folder.gif');
instead.
09-01-14 12:37: Usage of $ICON_TYPES is deprecated since 4.4.
The extTables.php entry $ICON_TYPES['news'] = '../typo3conf/ext/tt_news/res/gfx/ext_icon_ttnews_folder.gif'; should be replaced with
t3lib_SpriteManager::addTcaTypeIcon('pages', 'contains-news', '../typo3conf/ext/tt_news/res/gfx/ext_icon_ttnews_folder.gif');
instead.
09-01-14 12:38: Usage of $ICON_TYPES is deprecated since 4.4.
The extTables.php entry $ICON_TYPES['news'] = '../typo3conf/ext/tt_news/res/gfx/ext_icon_ttnews_folder.gif'; should be replaced with
t3lib_SpriteManager::addTcaTypeIcon('pages', 'contains-news', '../typo3conf/ext/tt_news/res/gfx/ext_icon_ttnews_folder.gif');
instead.
09-01-14 12:39: Usage of $ICON_TYPES is deprecated since 4.4.
The extTables.php entry $ICON_TYPES['news'] = '../typo3conf/ext/tt_news/res/gfx/ext_icon_ttnews_folder.gif'; should be replaced with
t3lib_SpriteManager::addTcaTypeIcon('pages', 'contains-news', '../typo3conf/ext/tt_news/res/gfx/ext_icon_ttnews_folder.gif');
instead.
09-01-14 12:40: Usage of $ICON_TYPES is deprecated since 4.4.
The extTables.php entry $ICON_TYPES['news'] = '../typo3conf/ext/tt_news/res/gfx/ext_icon_ttnews_folder.gif'; should be replaced with
t3lib_SpriteManager::addTcaTypeIcon('pages', 'contains-news', '../typo3conf/ext/tt_news/res/gfx/ext_icon_ttnews_folder.gif');
instead.
09-01-14 12:41: Usage of $ICON_TYPES is deprecated since 4.4.
The extTables.php entry $ICON_TYPES['news'] = '../typo3conf/ext/tt_news/res/gfx/ext_icon_ttnews_folder.gif'; should be replaced with
t3lib_SpriteManager::addTcaTypeIcon('pages', 'contains-news', '../typo3conf/ext/tt_news/res/gfx/ext_icon_ttnews_folder.gif');
instead.
09-01-14 12:42: Usage of $ICON_TYPES is deprecated since 4.4.
The extTables.php entry $ICON_TYPES['news'] = '../typo3conf/ext/tt_news/res/gfx/ext_icon_ttnews_folder.gif'; should be replaced with
t3lib_SpriteManager::addTcaTypeIcon('pages', 'contains-news', '../typo3conf/ext/tt_news/res/gfx/ext_icon_ttnews_folder.gif');
instead.
09-01-14 12:43: Usage of $ICON_TYPES is deprecated since 4.4.
The extTables.php entry $ICON_TYPES['news'] = '../typo3conf/ext/tt_news/res/gfx/ext_icon_ttnews_folder.gif'; should be replaced with
t3lib_SpriteManager::addTcaTypeIcon('pages', 'contains-news', '../typo3conf/ext/tt_news/res/gfx/ext_icon_ttnews_folder.gif');
instead.
09-01-14 12:44: Usage of $ICON_TYPES is deprecated since 4.4.
The extTables.php entry $ICON_TYPES['news'] = '../typo3conf/ext/tt_news/res/gfx/ext_icon_ttnews_folder.gif'; should be replaced with
t3lib_SpriteManager::addTcaTypeIcon('pages', 'contains-news', '../typo3conf/ext/tt_news/res/gfx/ext_icon_ttnews_folder.gif');
instead.
09-01-14 12:45: Usage of $ICON_TYPES is deprecated since 4.4.
The extTables.php entry $ICON_TYPES['news'] = '../typo3conf/ext/tt_news/res/gfx/ext_icon_ttnews_folder.gif'; should be replaced with
t3lib_SpriteManager::addTcaTypeIcon('pages', 'contains-news', '../typo3conf/ext/tt_news/res/gfx/ext_icon_ttnews_folder.gif');
instead.
09-01-14 12:46: Usage of $ICON_TYPES is deprecated since 4.4.
The extTables.php entry $ICON_TYPES['news'] = '../typo3conf/ext/tt_news/res/gfx/ext_icon_ttnews_folder.gif'; should be replaced with
t3lib_SpriteManager::addTcaTypeIcon('pages', 'contains-news', '../typo3conf/ext/tt_news/res/gfx/ext_icon_ttnews_folder.gif');
instead.
09-01-14 12:47: Usage of $ICON_TYPES is deprecated since 4.4.
The extTables.php entry $ICON_TYPES['news'] = '../typo3conf/ext/tt_news/res/gfx/ext_icon_ttnews_folder.gif'; should be replaced with
t3lib_SpriteManager::addTcaTypeIcon('pages', 'contains-news', '../typo3conf/ext/tt_news/res/gfx/ext_icon_ttnews_folder.gif');
instead.
09-01-14 12:53: Usage of $ICON_TYPES is deprecated since 4.4.
The extTables.php entry $ICON_TYPES['news'] = '../typo3conf/ext/tt_news/res/gfx/ext_icon_ttnews_folder.gif'; should be replaced with
t3lib_SpriteManager::addTcaTypeIcon('pages', 'contains-news', '../typo3conf/ext/tt_news/res/gfx/ext_icon_ttnews_folder.gif');
instead.
09-01-14 12:53: Usage of $ICON_TYPES is deprecated since 4.4.
The extTables.php entry $ICON_TYPES['news'] = '../typo3conf/ext/tt_news/res/gfx/ext_icon_ttnews_folder.gif'; should be replaced with
t3lib_SpriteManager::addTcaTypeIcon('pages', 'contains-news', '../typo3conf/ext/tt_news/res/gfx/ext_icon_ttnews_folder.gif');
instead.
